<?xml version="1.0" encoding="UTF-8"?>
<!-- Generated by org.testng.reporters.JUnitReportReporter -->
<testsuite hostname="Lauj-HP-Laptop" failures="0" tests="2" name="qaclickacademy.MavenJava.AppiumTest" time="0.007" errors="0" timestamp="2022-08-22T17:21:37 EDT" skipped="0">
  <testcase classname="qaclickacademy.MavenJava.AppiumTest" name="IOSApps" time="0.006"/>
  <system-out/>
  <testcase classname="qaclickacademy.MavenJava.AppiumTest" name="NativeAppAndroid" time="0.001"/>
  <system-out/>
</testsuite> <!-- qaclickacademy.MavenJava.AppiumTest -->
