<?xml version="1.0" encoding="UTF-8"?>
<!-- Generated by org.testng.reporters.JUnitReportReporter -->
<testsuite hostname="Lauj-HP-Laptop" failures="0" tests="2" name="qaclickacademy.MavenJava.RestAPITest" time="0.007" errors="0" timestamp="2022-08-22T17:23:24 EDT" skipped="0">
  <testcase classname="qaclickacademy.MavenJava.RestAPITest" name="deleteTwitter" time="0.006"/>
  <system-out/>
  <testcase classname="qaclickacademy.MavenJava.RestAPITest" name="postJira" time="0.001"/>
  <system-out/>
</testsuite> <!-- qaclickacademy.MavenJava.RestAPITest -->
