<?xml version="1.0" encoding="UTF-8"?>
<!-- Generated by org.testng.reporters.JUnitReportReporter -->
<testsuite hostname="Lauj-HP-Laptop" failures="0" tests="2" name="qaclickacademy.MavenJava.RestAPITest" time="0.000" errors="0" timestamp="2022-08-22T18:01:07 EDT" skipped="0">
  <testcase classname="qaclickacademy.MavenJava.RestAPITest" name="postJira" time="0.000"/>
  <system-out/>
  <testcase classname="qaclickacademy.MavenJava.RestAPITest" name="deleteTwitter" time="0.000"/>
  <system-out/>
</testsuite> <!-- qaclickacademy.MavenJava.RestAPITest -->
