<?xml version="1.0" encoding="UTF-8"?>
<!-- Generated by org.testng.reporters.JUnitReportReporter -->
<testsuite hostname="Lauj-HP-Laptop" failures="0" tests="2" name="qaclickacademy.MavenJava.AppiumTest" time="0.004" errors="0" timestamp="2022-08-22T18:01:07 EDT" skipped="0">
  <testcase classname="qaclickacademy.MavenJava.AppiumTest" name="IOSApps" time="0.004"/>
  <system-out/>
  <testcase classname="qaclickacademy.MavenJava.AppiumTest" name="NativeAppAndroid" time="0.000"/>
  <system-out/>
</testsuite> <!-- qaclickacademy.MavenJava.AppiumTest -->
